
> firestore-crud@0.0.0 start
> ng serve --host 127.0.0.1 --port 4201

[33m>[39m Building...
[32m√[39m Building...
[1mInitial chunk files[22m[2m | [22m[1mNames[22m        [2m | [22m [1mRaw size[22m
[32mchunk-ZYLMNPYW.js[39m  [2m | [22m[2m-[22m            [2m | [22m [36m56.42 kB[39m[2m | [22m
[32mmain.js[39m            [2m | [22m[2mmain[22m         [2m | [22m [36m55.54 kB[39m[2m | [22m
[32mstyles.css[39m         [2m | [22m[2mstyles[22m       [2m | [22m  [36m4.68 kB[39m[2m | [22m
[32mchunk-CZJLB7T5.js[39m  [2m | [22m[2m-[22m            [2m | [22m  [36m1.08 kB[39m[2m | [22m

[1m [22m                  [2m | [22m[1mInitial total[22m[2m | [22m[1m117.73 kB[22m

[1mLazy chunk files[22m   [2m | [22m[1mNames[22m        [2m | [22m [1mRaw size[22m
[32mchunk-VNJMTORN.js[39m  [2m | [22m[2madmin[22m        [2m | [22m [36m62.65 kB[39m[2m | [22m
[32mchunk-U54OHZ2E.js[39m  [2m | [22m[2mservices-page[22m[2m | [22m  [36m9.47 kB[39m[2m | [22m

Application bundle generation complete. [11.681 seconds] - 2026-05-26T13:45:51.415Z

Watch mode enabled. Watching for file changes...
NOTE: Raw file sizes do not reflect development server per-request transformations.
  [32m➜[39m  [1mLocal[22m:   [36mhttp://127.0.0.1:[1m4201[22m/[39m
[33m>[39m Changes detected. Rebuilding...
[32m√[39m Changes detected. Rebuilding...
[1mInitial chunk files[22m[2m | [22m[1mNames[22m[2m | [22m[1mRaw size[22m
[32mchunk-2RFUV3EH.js[39m  [2m | [22m[2m-[22m    [2m | [22m[36m57.92 kB[39m[2m | [22m
[32mmain.js[39m            [2m | [22m[2mmain[22m [2m | [22m[36m55.54 kB[39m[2m | [22m

[1mLazy chunk files[22m   [2m | [22m[1mNames[22m[2m | [22m[1mRaw size[22m
[32mchunk-FMVT6WTH.js[39m  [2m | [22m[2madmin[22m[2m | [22m[36m62.65 kB[39m[2m | [22m

Application bundle generation complete. [3.111 seconds] - 2026-05-26T14:14:30.647Z

Page reload sent to client(s).
[33m>[39m Changes detected. Rebuilding...
[32m√[39m Changes detected. Rebuilding...
[1mInitial chunk files[22m[2m | [22m[1mNames[22m        [2m | [22m [1mRaw size[22m
[32mchunk-2RFUV3EH.js[39m  [2m | [22m[2m-[22m            [2m | [22m [36m57.92 kB[39m[2m | [22m
[32mmain.js[39m            [2m | [22m[2mmain[22m         [2m | [22m [36m55.54 kB[39m[2m | [22m
[32mstyles.css[39m         [2m | [22m[2mstyles[22m       [2m | [22m  [36m4.68 kB[39m[2m | [22m
[32mchunk-CZJLB7T5.js[39m  [2m | [22m[2m-[22m            [2m | [22m  [36m1.08 kB[39m[2m | [22m

[1m [22m                  [2m | [22m[1mInitial total[22m[2m | [22m[1m119.22 kB[22m

[1mLazy chunk files[22m   [2m | [22m[1mNames[22m        [2m | [22m [1mRaw size[22m
[32mchunk-FMVT6WTH.js[39m  [2m | [22m[2madmin[22m        [2m | [22m [36m62.65 kB[39m[2m | [22m
[32mchunk-U54OHZ2E.js[39m  [2m | [22m[2mservices-page[22m[2m | [22m  [36m9.47 kB[39m[2m | [22m

Application bundle generation complete. [1.057 seconds] - 2026-05-26T14:35:14.663Z

Component update sent to client(s).
[33m>[39m Changes detected. Rebuilding...
[32m√[39m Changes detected. Rebuilding...
[1mInitial chunk files[22m[2m | [22m[1mNames[22m[2m | [22m[1mRaw size[22m
[32mchunk-MTXDTBUO.js[39m  [2m | [22m[2m-[22m    [2m | [22m[36m58.34 kB[39m[2m | [22m
[32mmain.js[39m            [2m | [22m[2mmain[22m [2m | [22m[36m55.54 kB[39m[2m | [22m

[1mLazy chunk files[22m   [2m | [22m[1mNames[22m[2m | [22m[1mRaw size[22m
[32mchunk-XEEOK7CO.js[39m  [2m | [22m[2madmin[22m[2m | [22m[36m62.65 kB[39m[2m | [22m

Application bundle generation complete. [1.317 seconds] - 2026-05-26T14:36:06.336Z

Page reload sent to client(s).
[33m>[39m Changes detected. Rebuilding...
[32m√[39m Changes detected. Rebuilding...
[1mInitial chunk files[22m[2m | [22m[1mNames[22m[2m | [22m[1mRaw size[22m
[32mchunk-XD3VMKP4.js[39m  [2m | [22m[2m-[22m    [2m | [22m[36m58.35 kB[39m[2m | [22m
[32mmain.js[39m            [2m | [22m[2mmain[22m [2m | [22m[36m55.54 kB[39m[2m | [22m

[1mLazy chunk files[22m   [2m | [22m[1mNames[22m[2m | [22m[1mRaw size[22m
[32mchunk-HGRWK4J3.js[39m  [2m | [22m[2madmin[22m[2m | [22m[36m62.65 kB[39m[2m | [22m

Application bundle generation complete. [1.281 seconds] - 2026-05-26T14:38:20.999Z

Page reload sent to client(s).
